#
# There is insufficient memory for the Java Runtime Environment to continue.
# Native memory allocation (malloc) failed to allocate 326896 bytes for Chunk::new
# Possible reasons:
#   The system is out of physical RAM or swap space
#   The process is running with CompressedOops enabled, and the Java Heap may be blocking the growth of the native heap
# Possible solutions:
#   Reduce memory load on the system
#   Increase physical memory or swap space
#   Check if swap backing store is full
#   Decrease Java heap size (-Xmx/-Xms)
#   Decrease number of Java threads
#   Decrease Java thread stack sizes (-Xss)
#   Set larger code cache with -XX:ReservedCodeCacheSize=
#   JVM is running with Unscaled Compressed Oops mode in which the Java heap is
#     placed in the first 4GB address space. The Java Heap base address is the
#     maximum limit for the native heap growth. Please use -XX:HeapBaseMinAddress
#     to set the Java Heap base and to place the Java Heap above 4GB virtual address.
# This output file may be truncated or incomplete.
#
#  Out of Memory Error (arena.cpp:189), pid=20908, tid=13752
#
# JRE version: OpenJDK Runtime Environment Temurin-17.0.5+8 (17.0.5+8) (build 17.0.5+8)
# Java VM: OpenJDK 64-Bit Server VM Temurin-17.0.5+8 (17.0.5+8, mixed mode, tiered, compressed oops, compressed class ptrs, parallel gc, windows-amd64)
# No core dump will be written. Minidumps are not enabled by default on client versions of Windows
#

---------------  S U M M A R Y ------------

Command Line: --add-modules=ALL-SYSTEM --add-opens=java.base/java.util=ALL-UNNAMED --add-opens=java.base/java.lang=ALL-UNNAMED --add-opens=java.base/sun.nio.fs=ALL-UNNAMED -Declipse.application=org.eclipse.jdt.ls.core.id1 -Dosgi.bundles.defaultStartLevel=4 -Declipse.product=org.eclipse.jdt.ls.core.product -Djava.import.generatesMetadataFilesAtProjectRoot=false -Dfile.encoding=utf8 -XX:+UseParallelGC -XX:GCTimeRatio=4 -XX:AdaptiveSizePolicyWeight=90 -Dsun.zip.disableMemoryMapping=true -Xmx1G -Xms100m -Xlog:disable -javaagent:c:\Users\prana\.vscode\extensions\redhat.java-1.14.0-win32-x64\lombok\lombok-1.18.24.jar c:\Users\prana\.vscode\extensions\redhat.java-1.14.0-win32-x64\server\plugins\org.eclipse.equinox.launcher_1.6.400.v20210924-0641.jar -configuration c:\Users\prana\AppData\Roaming\Code\User\globalStorage\redhat.java\1.14.0\config_ss_win -data c:\Users\prana\AppData\Roaming\Code\User\workspaceStorage\bb38cb5a984e11f3897b6c87a5050e2f\redhat.java\ss_ws

Host: Intel(R) Core(TM) i5-8250U CPU @ 1.60GHz, 8 cores, 7G,  Windows 10 , 64 bit Build 19041 (10.0.19041.2364)
Time: Mon Jan 30 23:56:53 2023 India Standard Time elapsed time: 2.594122 seconds (0d 0h 0m 2s)

---------------  T H R E A D  ---------------

Current thread (0x0000019c66554670):  JavaThread "C2 CompilerThread0" daemon [_thread_in_native, id=13752, stack(0x00000025a5d00000,0x00000025a5e00000)]


Current CompileTask:
C2:   2594  641       4       lombok.patcher.scripts.MethodLevelPatchScript::patch (21 bytes)

Stack: [0x00000025a5d00000,0x00000025a5e00000]
Native frames: (J=compiled Java code, j=interpreted, Vv=VM code, C=native code)
V  [jvm.dll+0x676b3a]
V  [jvm.dll+0x831444]
V  [jvm.dll+0x832bee]
V  [jvm.dll+0x833253]
V  [jvm.dll+0x244ce5]
V  [jvm.dll+0xabbac]
V  [jvm.dll+0xac17c]
V  [jvm.dll+0x362d02]
V  [jvm.dll+0x32d591]
V  [jvm.dll+0x32ca3a]
V  [jvm.dll+0x217b51]
V  [jvm.dll+0x216f71]
V  [jvm.dll+0x1a343d]
V  [jvm.dll+0x22698a]
V  [jvm.dll+0x224ac5]
V  [jvm.dll+0x7e727b]
V  [jvm.dll+0x7e17ea]
V  [jvm.dll+0x6759e5]
C  [ucrtbase.dll+0x21bb2]
C  [KERNEL32.DLL+0x17614]
C  [ntdll.dll+0x526a1]


---------------  P R O C E S S  ---------------

Threads class SMR info:
_java_thread_list=0x0000019c6751c3e0, length=14, elements={
0x0000019c50bd0de0, 0x0000019c66532540, 0x0000019c66533500, 0x0000019c64a5ea60,
0x0000019c66550740, 0x0000019c66553110, 0x0000019c665539d0, 0x0000019c66554670,
0x0000019c6656c0b0, 0x0000019c6656e4c0, 0x0000019c50c909f0, 0x0000019c667d4250,
0x0000019c674c4b20, 0x0000019c674defe0
}

Java Threads: ( => current thread )
  0x0000019c50bd0de0 JavaThread "main" [_thread_in_Java, id=9888, stack(0x00000025a5400000,0x00000025a5500000)]
  0x0000019c66532540 JavaThread "Reference Handler" daemon [_thread_blocked, id=8796, stack(0x00000025a5700000,0x00000025a5800000)]
  0x0000019c66533500 JavaThread "Finalizer" daemon [_thread_blocked, id=11208, stack(0x00000025a5800000,0x00000025a5900000)]
  0x0000019c64a5ea60 JavaThread "Signal Dispatcher" daemon [_thread_blocked, id=14056, stack(0x00000025a5900000,0x00000025a5a00000)]
  0x0000019c66550740 JavaThread "Attach Listener" daemon [_thread_blocked, id=19628, stack(0x00000025a5a00000,0x00000025a5b00000)]
  0x0000019c66553110 JavaThread "Service Thread" daemon [_thread_blocked, id=13100, stack(0x00000025a5b00000,0x00000025a5c00000)]
  0x0000019c665539d0 JavaThread "Monitor Deflation Thread" daemon [_thread_blocked, id=1524, stack(0x00000025a5c00000,0x00000025a5d00000)]
=>0x0000019c66554670 JavaThread "C2 CompilerThread0" daemon [_thread_in_native, id=13752, stack(0x00000025a5d00000,0x00000025a5e00000)]
  0x0000019c6656c0b0 JavaThread "C1 CompilerThread0" daemon [_thread_blocked, id=19692, stack(0x00000025a5e00000,0x00000025a5f00000)]
  0x0000019c6656e4c0 JavaThread "Sweeper thread" daemon [_thread_blocked, id=14724, stack(0x00000025a5f00000,0x00000025a6000000)]
  0x0000019c50c909f0 JavaThread "Common-Cleaner" daemon [_thread_blocked, id=15908, stack(0x00000025a6000000,0x00000025a6100000)]
  0x0000019c667d4250 JavaThread "Notification Thread" daemon [_thread_blocked, id=11764, stack(0x00000025a6100000,0x00000025a6200000)]
  0x0000019c674c4b20 JavaThread "C2 CompilerThread1" daemon [_thread_in_native, id=15096, stack(0x00000025a6300000,0x00000025a6400000)]
  0x0000019c674defe0 JavaThread "C2 CompilerThread2" daemon [_thread_blocked, id=2172, stack(0x00000025a6400000,0x00000025a6500000)]

Other Threads:
  0x0000019c66530dc0 VMThread "VM Thread" [stack: 0x00000025a5600000,0x00000025a5700000] [id=17700]
  0x0000019c667d4720 WatcherThread [stack: 0x00000025a6200000,0x00000025a6300000] [id=4288]
  0x0000019c50be9cb0 GCTaskThread "GC Thread#0" [stack: 0x00000025a5500000,0x00000025a5600000] [id=8924]

Threads with active compile tasks:
C2 CompilerThread0     2668  641       4       lombok.patcher.scripts.MethodLevelPatchScript::patch (21 bytes)
C2 CompilerThread1     2669  695       4       sun.security.provider.SHA2::implCompress0 (490 bytes)

VM state: not at safepoint (normal execution)

VM Mutex/Monitor currently owned by a thread: None

Heap address: 0x00000000c0000000, size: 1024 MB, Compressed Oops mode: 32-bit

CDS archive(s) not mapped
Compressed class space mapped at: 0x0000000100000000-0x0000000140000000, reserved size: 1073741824
Narrow klass base: 0x0000000000000000, Narrow klass shift: 3, Narrow klass range: 0x140000000

GC Precious Log:
 CPUs: 8 total, 8 available
 Memory: 8103M
 Large Page Support: Disabled
 NUMA Support: Disabled
 Compressed Oops: Enabled (32-bit)
 Alignments: Space 512K, Generation 512K, Heap 2M
 Heap Min Capacity: 100M
 Heap Initial Capacity: 100M
 Heap Max Capacity: 1G
 Pre-touch: Disabled
 Parallel Workers: 8

Heap:
 PSYoungGen      total 29696K, used 15192K [0x00000000eab00000, 0x00000000ecc00000, 0x0000000100000000)
  eden space 25600K, 59% used [0x00000000eab00000,0x00000000eb9d6040,0x00000000ec400000)
  from space 4096K, 0% used [0x00000000ec800000,0x00000000ec800000,0x00000000ecc00000)
  to   space 4096K, 0% used [0x00000000ec400000,0x00000000ec400000,0x00000000ec800000)
 ParOldGen       total 68608K, used 0K [0x00000000c0000000, 0x00000000c4300000, 0x00000000eab00000)
  object space 68608K, 0% used [0x00000000c0000000,0x00000000c0000000,0x00000000c4300000)
 Metaspace       used 9342K, committed 9536K, reserved 1064960K
  class space    used 933K, committed 1024K, reserved 1048576K

Card table byte_map: [0x0000019c50580000,0x0000019c50790000] _byte_map_base: 0x0000019c4ff80000

Marking Bits: (ParMarkBitMap*) 0x00007ff9cc500dd0
 Begin Bits: [0x0000019c62860000, 0x0000019c63860000)
 End Bits:   [0x0000019c63860000, 0x0000019c64860000)

Polling page: 0x0000019c4eab0000

Metaspace:

Usage:
  Non-class:      8.21 MB used.
      Class:    933.22 KB used.
       Both:      9.12 MB used.

Virtual space:
  Non-class space:       16.00 MB reserved,       8.31 MB ( 52%) committed,  2 nodes.
      Class space:        1.00 GB reserved,       1.00 MB ( <1%) committed,  1 nodes.
             Both:        1.02 GB reserved,       9.31 MB ( <1%) committed. 

Chunk freelists:
   Non-Class:  2.91 MB
       Class:  3.02 MB
        Both:  5.93 MB

MaxMetaspaceSize: unlimited
CompressedClassSpaceSize: 1.00 GB
Initial GC threshold: 21.00 MB
Current GC threshold: 21.00 MB
CDS: off
MetaspaceReclaimPolicy: balanced
 - commit_granule_bytes: 65536.
 - commit_granule_words: 8192.
 - virtual_space_node_default_size: 1048576.
 - enlarge_chunks_in_place: 1.
 - new_chunks_are_fully_committed: 0.
 - uncommit_free_chunks: 1.
 - use_allocation_guard: 0.
 - handle_deallocations: 1.


Internal statistics:

num_allocs_failed_limit: 0.
num_arena_births: 12.
num_arena_deaths: 0.
num_vsnodes_births: 3.
num_vsnodes_deaths: 0.
num_space_committed: 149.
num_space_uncommitted: 0.
num_chunks_returned_to_freelist: 0.
num_chunks_taken_from_freelist: 49.
num_chunk_merges: 0.
num_chunk_splits: 24.
num_chunks_enlarged: 19.
num_purges: 0.
num_inconsistent_stats: 0.

CodeHeap 'non-profiled nmethods': size=120000Kb used=248Kb max_used=248Kb free=119752Kb
 bounds [0x0000019c5b330000, 0x0000019c5b5a0000, 0x0000019c62860000]
CodeHeap 'profiled nmethods': size=120000Kb used=1151Kb max_used=1151Kb free=118848Kb
 bounds [0x0000019c53e00000, 0x0000019c54070000, 0x0000019c5b330000]
CodeHeap 'non-nmethods': size=5760Kb used=1132Kb max_used=1170Kb free=4627Kb
 bounds [0x0000019c53860000, 0x0000019c53ad0000, 0x0000019c53e00000]
 total_blobs=1117 nmethods=697 adapters=335
 compilation: enabled
              stopped_count=0, restarted_count=0
 full_count=0

Compilation events (20 events):
Event: 2.515 Thread 0x0000019c6656c0b0 nmethod 659 0x0000019c53f05610 code [0x0000019c53f057c0, 0x0000019c53f059b8]
Event: 2.520 Thread 0x0000019c6656c0b0  661       1       java.lang.Module::getDescriptor (5 bytes)
Event: 2.520 Thread 0x0000019c6656c0b0 nmethod 661 0x0000019c5b365590 code [0x0000019c5b365720, 0x0000019c5b3657f8]
Event: 2.521 Thread 0x0000019c6656c0b0  662       1       java.util.Collections$EmptyIterator::hasNext (2 bytes)
Event: 2.521 Thread 0x0000019c6656c0b0 nmethod 662 0x0000019c5b365890 code [0x0000019c5b365a20, 0x0000019c5b365af8]
Event: 2.522 Thread 0x0000019c6656c0b0  663       3       jdk.internal.module.SystemModuleFinders$SystemImage::reader (4 bytes)
Event: 2.522 Thread 0x0000019c6656c0b0 nmethod 663 0x0000019c53f05a90 code [0x0000019c53f05c20, 0x0000019c53f05d18]
Event: 2.522 Thread 0x0000019c6656c0b0  664       3       jdk.internal.jimage.ImageReader::requireOpen (18 bytes)
Event: 2.523 Thread 0x0000019c6656c0b0 nmethod 664 0x0000019c53f05d90 code [0x0000019c53f05f40, 0x0000019c53f06168]
Event: 2.523 Thread 0x0000019c6656c0b0  665       3       jdk.internal.loader.BuiltinClassLoader::moduleReaderFor (45 bytes)
Event: 2.523 Thread 0x0000019c6656c0b0 nmethod 665 0x0000019c53f06290 code [0x0000019c53f06480, 0x0000019c53f06ab8]
Event: 2.524 Thread 0x0000019c6656c0b0  666       3       java.util.Optional::empty (6 bytes)
Event: 2.524 Thread 0x0000019c6656c0b0 nmethod 666 0x0000019c53f06c90 code [0x0000019c53f06e20, 0x0000019c53f06f18]
Event: 2.526 Thread 0x0000019c674defe0 nmethod 643 0x0000019c5b365b90 code [0x0000019c5b365d60, 0x0000019c5b366458]
Event: 2.526 Thread 0x0000019c674defe0  644       4       java.util.HashSet::iterator (13 bytes)
Event: 2.527 Thread 0x0000019c6656c0b0  667 %     3       java.util.Properties$LineReader::readLine @ 53 (584 bytes)
Event: 2.533 Thread 0x0000019c6656c0b0 nmethod 667% 0x0000019c53f06f90 code [0x0000019c53f07360, 0x0000019c53f09e98]
Event: 2.535 Thread 0x0000019c6656c0b0  668       3       java.io.WinNTFileSystem::normalize (224 bytes)
Event: 2.541 Thread 0x0000019c6656c0b0 nmethod 668 0x0000019c53f0ab90 code [0x0000019c53f0af80, 0x0000019c53f0caf8]
Event: 2.543 Thread 0x0000019c6656c0b0  669       3       lombok.eclipse.agent.EclipsePatcher$1::shouldTransform (79 bytes)

GC Heap History (0 events):
No events

Dll operation events (8 events):
Event: 0.162 Loaded shared library c:\Users\prana\.vscode\extensions\redhat.java-1.14.0-win32-x64\jre\17.0.5-win32-x86_64\bin\java.dll
Event: 0.959 Loaded shared library c:\Users\prana\.vscode\extensions\redhat.java-1.14.0-win32-x64\jre\17.0.5-win32-x86_64\bin\zip.dll
Event: 0.971 Loaded shared library C:\Users\prana\.vscode\extensions\redhat.java-1.14.0-win32-x64\jre\17.0.5-win32-x86_64\bin\instrument.dll
Event: 1.025 Loaded shared library C:\Users\prana\.vscode\extensions\redhat.java-1.14.0-win32-x64\jre\17.0.5-win32-x86_64\bin\net.dll
Event: 1.031 Loaded shared library C:\Users\prana\.vscode\extensions\redhat.java-1.14.0-win32-x64\jre\17.0.5-win32-x86_64\bin\nio.dll
Event: 1.059 Loaded shared library C:\Users\prana\.vscode\extensions\redhat.java-1.14.0-win32-x64\jre\17.0.5-win32-x86_64\bin\zip.dll
Event: 1.284 Loaded shared library C:\Users\prana\.vscode\extensions\redhat.java-1.14.0-win32-x64\jre\17.0.5-win32-x86_64\bin\jimage.dll
Event: 1.470 Loaded shared library c:\Users\prana\.vscode\extensions\redhat.java-1.14.0-win32-x64\jre\17.0.5-win32-x86_64\bin\verify.dll

Deoptimization events (20 events):
Event: 2.041 Thread 0x0000019c50bd0de0 Uncommon trap: trap_request=0xffffffde fr.pc=0x0000019c5b3502c4 relative=0x0000000000000124
Event: 2.041 Thread 0x0000019c50bd0de0 Uncommon trap: reason=class_check action=maybe_recompile pc=0x0000019c5b3502c4 method=jdk.internal.misc.Unsafe.allocateUninitializedArray(Ljava/lang/Class;I)Ljava/lang/Object; @ 51 c2
Event: 2.041 Thread 0x0000019c50bd0de0 DEOPT PACKING pc=0x0000019c5b3502c4 sp=0x00000025a54fbd90
Event: 2.041 Thread 0x0000019c50bd0de0 DEOPT UNPACKING pc=0x0000019c538b20a3 sp=0x00000025a54fbd18 mode 2
Event: 2.041 Thread 0x0000019c50bd0de0 Uncommon trap: trap_request=0xffffffde fr.pc=0x0000019c5b3502c4 relative=0x0000000000000124
Event: 2.041 Thread 0x0000019c50bd0de0 Uncommon trap: reason=class_check action=maybe_recompile pc=0x0000019c5b3502c4 method=jdk.internal.misc.Unsafe.allocateUninitializedArray(Ljava/lang/Class;I)Ljava/lang/Object; @ 51 c2
Event: 2.041 Thread 0x0000019c50bd0de0 DEOPT PACKING pc=0x0000019c5b3502c4 sp=0x00000025a54fbdd0
Event: 2.041 Thread 0x0000019c50bd0de0 DEOPT UNPACKING pc=0x0000019c538b20a3 sp=0x00000025a54fbd58 mode 2
Event: 2.089 Thread 0x0000019c50bd0de0 Uncommon trap: trap_request=0xffffff45 fr.pc=0x0000019c5b344044 relative=0x00000000000000c4
Event: 2.089 Thread 0x0000019c50bd0de0 Uncommon trap: reason=unstable_if action=reinterpret pc=0x0000019c5b344044 method=java.net.URI.match(CJJ)Z @ 45 c2
Event: 2.089 Thread 0x0000019c50bd0de0 DEOPT PACKING pc=0x0000019c5b344044 sp=0x00000025a54fca70
Event: 2.089 Thread 0x0000019c50bd0de0 DEOPT UNPACKING pc=0x0000019c538b20a3 sp=0x00000025a54fc9f8 mode 2
Event: 2.116 Thread 0x0000019c50bd0de0 Uncommon trap: trap_request=0xffffff45 fr.pc=0x0000019c5b35435c relative=0x000000000000067c
Event: 2.116 Thread 0x0000019c50bd0de0 Uncommon trap: reason=unstable_if action=reinterpret pc=0x0000019c5b35435c method=java.lang.String.replace(Ljava/lang/CharSequence;Ljava/lang/CharSequence;)Ljava/lang/String; @ 48 c2
Event: 2.117 Thread 0x0000019c50bd0de0 DEOPT PACKING pc=0x0000019c5b35435c sp=0x00000025a54fc9f0
Event: 2.117 Thread 0x0000019c50bd0de0 DEOPT UNPACKING pc=0x0000019c538b20a3 sp=0x00000025a54fc970 mode 2
Event: 2.189 Thread 0x0000019c50bd0de0 Uncommon trap: trap_request=0xffffffde fr.pc=0x0000019c5b3535b4 relative=0x0000000000000214
Event: 2.189 Thread 0x0000019c50bd0de0 Uncommon trap: reason=class_check action=maybe_recompile pc=0x0000019c5b3535b4 method=java.util.Collections$UnmodifiableCollection$1.next()Ljava/lang/Object; @ 4 c2
Event: 2.189 Thread 0x0000019c50bd0de0 DEOPT PACKING pc=0x0000019c5b3535b4 sp=0x00000025a54fc5b0
Event: 2.189 Thread 0x0000019c50bd0de0 DEOPT UNPACKING pc=0x0000019c538b20a3 sp=0x00000025a54fc560 mode 2

Classes unloaded (0 events):
No events

Classes redefined (0 events):
No events

Internal exceptions (7 events):
Event: 0.882 Thread 0x0000019c50bd0de0 Exception <a 'java/lang/NoSuchMethodError'{0x00000000eacb2538}: 'void java.lang.invoke.DirectMethodHandle$Holder.invokeStatic(java.lang.Object, java.lang.Object, java.lang.Object)'> (0x00000000eacb2538) 
thrown [s\src\hotspot\share\interpreter\linkResolver.cpp, line 759]
Event: 1.534 Thread 0x0000019c50bd0de0 Exception <a 'java/lang/reflect/InvocationTargetException'{0x00000000eaf79290}> (0x00000000eaf79290) 
thrown [s\src\hotspot\share\runtime\reflection.cpp, line 1121]
Event: 2.523 Thread 0x0000019c50bd0de0 Exception <a 'java/lang/ClassNotFoundException'{0x00000000eb8db4b8}: sun/net/www/protocol/c/Handler> (0x00000000eb8db4b8) 
thrown [s\src\hotspot\share\classfile\systemDictionary.cpp, line 256]
Event: 2.541 Thread 0x0000019c50bd0de0 Exception <a 'java/io/FileNotFoundException'{0x00000000eb8eef98}> (0x00000000eb8eef98) 
thrown [s\src\hotspot\share\prims\jni.cpp, line 516]
Event: 2.542 Thread 0x0000019c50bd0de0 Exception <a 'java/io/FileNotFoundException'{0x00000000eb8efca8}> (0x00000000eb8efca8) 
thrown [s\src\hotspot\share\prims\jni.cpp, line 516]
Event: 2.542 Thread 0x0000019c50bd0de0 Exception <a 'java/io/FileNotFoundException'{0x00000000eb8f0998}> (0x00000000eb8f0998) 
thrown [s\src\hotspot\share\prims\jni.cpp, line 516]
Event: 2.543 Thread 0x0000019c50bd0de0 Exception <a 'java/io/FileNotFoundException'{0x00000000eb8f1658}> (0x00000000eb8f1658) 
thrown [s\src\hotspot\share\prims\jni.cpp, line 516]

VM Operations (8 events):
Event: 0.895 Executing VM operation: HandshakeAllThreads
Event: 0.895 Executing VM operation: HandshakeAllThreads done
Event: 1.906 Executing VM operation: Cleanup
Event: 1.921 Executing VM operation: Cleanup done
Event: 2.458 Executing VM operation: HandshakeAllThreads
Event: 2.458 Executing VM operation: HandshakeAllThreads done
Event: 2.510 Executing VM operation: HandshakeAllThreads
Event: 2.510 Executing VM operation: HandshakeAllThreads done

Events (20 events):
Event: 2.520 loading class java/util/Spliterators$1Adapter done
Event: 2.521 loading class java/util/Collections$EmptyEnumeration
Event: 2.522 loading class java/util/Collections$EmptyEnumeration done
Event: 2.522 loading class jdk/internal/loader/BuiltinClassLoader$1
Event: 2.522 loading class jdk/internal/loader/BuiltinClassLoader$1 done
Event: 2.522 loading class java/lang/CompoundEnumeration
Event: 2.523 loading class java/lang/CompoundEnumeration done
Event: 2.523 loading class jdk/internal/loader/URLClassPath$1
Event: 2.523 loading class jdk/internal/loader/URLClassPath$1 done
Event: 2.530 loading class java/util/concurrent/ConcurrentHashMap$KeySetView
Event: 2.531 loading class java/util/concurrent/ConcurrentHashMap$KeySetView done
Event: 2.531 loading class java/util/Collections$3
Event: 2.531 loading class java/util/Collections$3 done
Event: 2.531 loading class java/util/concurrent/ConcurrentHashMap$KeyIterator
Event: 2.531 loading class java/util/concurrent/ConcurrentHashMap$KeyIterator done
Event: 2.543 loading class java/net/URLConnection$1
Event: 2.544 loading class java/net/FileNameMap
Event: 2.545 loading class java/net/FileNameMap done
Event: 2.545 loading class java/net/URLConnection$1 done
Event: 2.545 loading class sun/net/www/MimeTable


Dynamic libraries:
0x00007ff63f330000 - 0x00007ff63f33e000 	c:\Users\prana\.vscode\extensions\redhat.java-1.14.0-win32-x64\jre\17.0.5-win32-x86_64\bin\java.exe
0x00007ffa3a990000 - 0x00007ffa3ab88000 	C:\Windows\SYSTEM32\ntdll.dll
0x00007ffa3a890000 - 0x00007ffa3a94f000 	C:\Windows\System32\KERNEL32.DLL
0x00007ffa38260000 - 0x00007ffa38532000 	C:\Windows\System32\KERNELBASE.dll
0x00007ffa388d0000 - 0x00007ffa389d0000 	C:\Windows\System32\ucrtbase.dll
0x00007ffa2dc70000 - 0x00007ffa2dc87000 	c:\Users\prana\.vscode\extensions\redhat.java-1.14.0-win32-x64\jre\17.0.5-win32-x86_64\bin\jli.dll
0x00007ffa39f80000 - 0x00007ffa3a121000 	C:\Windows\System32\USER32.dll
0x00007ffa386f0000 - 0x00007ffa38712000 	C:\Windows\System32\win32u.dll
0x00007ffa39450000 - 0x00007ffa3947b000 	C:\Windows\System32\GDI32.dll
0x00007ffa209b0000 - 0x00007ffa20c4a000 	C:\Windows\WinSxS\amd64_microsoft.windows.common-controls_6595b64144ccf1df_6.0.19041.1110_none_60b5254171f9507e\COMCTL32.dll
0x00007ffa385e0000 - 0x00007ffa386ef000 	C:\Windows\System32\gdi32full.dll
0x00007ffa3a660000 - 0x00007ffa3a6fe000 	C:\Windows\System32\msvcrt.dll
0x00007ffa38540000 - 0x00007ffa385dd000 	C:\Windows\System32\msvcp_win.dll
0x00007ffa2cd00000 - 0x00007ffa2cd19000 	c:\Users\prana\.vscode\extensions\redhat.java-1.14.0-win32-x64\jre\17.0.5-win32-x86_64\bin\VCRUNTIME140.dll
0x00007ffa39500000 - 0x00007ffa39532000 	C:\Windows\System32\IMM32.DLL
0x00007ffa35630000 - 0x00007ffa3563c000 	c:\Users\prana\.vscode\extensions\redhat.java-1.14.0-win32-x64\jre\17.0.5-win32-x86_64\bin\vcruntime140_1.dll
0x00007ffa07100000 - 0x00007ffa07191000 	c:\Users\prana\.vscode\extensions\redhat.java-1.14.0-win32-x64\jre\17.0.5-win32-x86_64\bin\msvcp140.dll
0x00007ff9cb980000 - 0x00007ff9cc5c4000 	c:\Users\prana\.vscode\extensions\redhat.java-1.14.0-win32-x64\jre\17.0.5-win32-x86_64\bin\server\jvm.dll
0x00007ffa39180000 - 0x00007ffa3922e000 	C:\Windows\System32\ADVAPI32.dll
0x00007ffa39820000 - 0x00007ffa398bc000 	C:\Windows\System32\sechost.dll
0x00007ffa39540000 - 0x00007ffa39665000 	C:\Windows\System32\RPCRT4.dll
0x00007ffa23480000 - 0x00007ffa23489000 	C:\Windows\SYSTEM32\WSOCK32.dll
0x00007ffa39940000 - 0x00007ffa399ab000 	C:\Windows\System32\WS2_32.dll
0x00007ffa24b30000 - 0x00007ffa24b57000 	C:\Windows\SYSTEM32\WINMM.dll
0x00007ffa31bc0000 - 0x00007ffa31bca000 	C:\Windows\SYSTEM32\VERSION.dll
0x00007ffa36120000 - 0x00007ffa36132000 	C:\Windows\SYSTEM32\kernel.appcore.dll
0x00007ffa33690000 - 0x00007ffa3369a000 	c:\Users\prana\.vscode\extensions\redhat.java-1.14.0-win32-x64\jre\17.0.5-win32-x86_64\bin\jimage.dll
0x00007ffa35e40000 - 0x00007ffa36024000 	C:\Windows\SYSTEM32\DBGHELP.DLL
0x00007ffa24d30000 - 0x00007ffa24d65000 	C:\Windows\SYSTEM32\dbgcore.DLL
0x00007ffa38720000 - 0x00007ffa387a2000 	C:\Windows\System32\bcryptPrimitives.dll
0x00007ffa30e00000 - 0x00007ffa30e0e000 	c:\Users\prana\.vscode\extensions\redhat.java-1.14.0-win32-x64\jre\17.0.5-win32-x86_64\bin\instrument.dll
0x00007ffa0ee80000 - 0x00007ffa0eea5000 	c:\Users\prana\.vscode\extensions\redhat.java-1.14.0-win32-x64\jre\17.0.5-win32-x86_64\bin\java.dll
0x00007ffa1df60000 - 0x00007ffa1df78000 	c:\Users\prana\.vscode\extensions\redhat.java-1.14.0-win32-x64\jre\17.0.5-win32-x86_64\bin\zip.dll
0x00007ffa389d0000 - 0x00007ffa39114000 	C:\Windows\System32\SHELL32.dll
0x00007ffa36140000 - 0x00007ffa368d2000 	C:\Windows\SYSTEM32\windows.storage.dll
0x00007ffa3a1e0000 - 0x00007ffa3a535000 	C:\Windows\System32\combase.dll
0x00007ffa37a00000 - 0x00007ffa37a30000 	C:\Windows\SYSTEM32\Wldp.dll
0x00007ffa392c0000 - 0x00007ffa3936d000 	C:\Windows\System32\SHCORE.dll
0x00007ffa39f10000 - 0x00007ffa39f65000 	C:\Windows\System32\shlwapi.dll
0x00007ffa37fc0000 - 0x00007ffa37fdf000 	C:\Windows\SYSTEM32\profapi.dll
0x00007ffa25890000 - 0x00007ffa258a9000 	C:\Users\prana\.vscode\extensions\redhat.java-1.14.0-win32-x64\jre\17.0.5-win32-x86_64\bin\net.dll
0x00007ffa2fae0000 - 0x00007ffa2fbec000 	C:\Windows\SYSTEM32\WINHTTP.dll
0x00007ffa37760000 - 0x00007ffa377ca000 	C:\Windows\system32\mswsock.dll
0x00007ffa16410000 - 0x00007ffa16425000 	C:\Users\prana\.vscode\extensions\redhat.java-1.14.0-win32-x64\jre\17.0.5-win32-x86_64\bin\nio.dll
0x00007ffa2db90000 - 0x00007ffa2dba0000 	c:\Users\prana\.vscode\extensions\redhat.java-1.14.0-win32-x64\jre\17.0.5-win32-x86_64\bin\verify.dll

dbghelp: loaded successfully - version: 4.0.5 - missing functions: none
symbol engine: initialized successfully - sym options: 0x614 - pdb path: .;c:\Users\prana\.vscode\extensions\redhat.java-1.14.0-win32-x64\jre\17.0.5-win32-x86_64\bin;C:\Windows\SYSTEM32;C:\Windows\WinSxS\amd64_microsoft.windows.common-controls_6595b64144ccf1df_6.0.19041.1110_none_60b5254171f9507e;c:\Users\prana\.vscode\extensions\redhat.java-1.14.0-win32-x64\jre\17.0.5-win32-x86_64\bin\server

VM Arguments:
jvm_args: --add-modules=ALL-SYSTEM --add-opens=java.base/java.util=ALL-UNNAMED --add-opens=java.base/java.lang=ALL-UNNAMED --add-opens=java.base/sun.nio.fs=ALL-UNNAMED -Declipse.application=org.eclipse.jdt.ls.core.id1 -Dosgi.bundles.defaultStartLevel=4 -Declipse.product=org.eclipse.jdt.ls.core.product -Djava.import.generatesMetadataFilesAtProjectRoot=false -Dfile.encoding=utf8 -XX:+UseParallelGC -XX:GCTimeRatio=4 -XX:AdaptiveSizePolicyWeight=90 -Dsun.zip.disableMemoryMapping=true -Xmx1G -Xms100m -Xlog:disable -javaagent:c:\Users\prana\.vscode\extensions\redhat.java-1.14.0-win32-x64\lombok\lombok-1.18.24.jar 
java_command: c:\Users\prana\.vscode\extensions\redhat.java-1.14.0-win32-x64\server\plugins\org.eclipse.equinox.launcher_1.6.400.v20210924-0641.jar -configuration c:\Users\prana\AppData\Roaming\Code\User\globalStorage\redhat.java\1.14.0\config_ss_win -data c:\Users\prana\AppData\Roaming\Code\User\workspaceStorage\bb38cb5a984e11f3897b6c87a5050e2f\redhat.java\ss_ws
java_class_path (initial): c:\Users\prana\.vscode\extensions\redhat.java-1.14.0-win32-x64\server\plugins\org.eclipse.equinox.launcher_1.6.400.v20210924-0641.jar
Launcher Type: SUN_STANDARD

[Global flags]
    uintx AdaptiveSizePolicyWeight                 = 90                                        {product} {command line}
     intx CICompilerCount                          = 4                                         {product} {ergonomic}
    uintx GCTimeRatio                              = 4                                         {product} {command line}
   size_t InitialHeapSize                          = 104857600                                 {product} {command line}
   size_t MaxHeapSize                              = 1073741824                                {product} {command line}
   size_t MaxNewSize                               = 357564416                                 {product} {ergonomic}
   size_t MinHeapDeltaBytes                        = 524288                                    {product} {ergonomic}
   size_t MinHeapSize                              = 104857600                                 {product} {command line}
   size_t NewSize                                  = 34603008                                  {product} {ergonomic}
    uintx NonNMethodCodeHeapSize                   = 5839372                                {pd product} {ergonomic}
    uintx NonProfiledCodeHeapSize                  = 122909434                              {pd product} {ergonomic}
   size_t OldSize                                  = 70254592                                  {product} {ergonomic}
    uintx ProfiledCodeHeapSize                     = 122909434                              {pd product} {ergonomic}
    uintx ReservedCodeCacheSize                    = 251658240                              {pd product} {ergonomic}
     bool SegmentedCodeCache                       = true                                      {product} {ergonomic}
   size_t SoftMaxHeapSize                          = 1073741824                             {manageable} {ergonomic}
     bool UseCompressedClassPointers               = true                           {product lp64_product} {ergonomic}
     bool UseCompressedOops                        = true                           {product lp64_product} {ergonomic}
     bool UseLargePagesIndividualAllocation        = false                                  {pd product} {ergonomic}
     bool UseParallelGC                            = true                                      {product} {command line}

Logging:
Log output configuration:
 #0: stdout all=off uptime,level,tags
 #1: stderr all=off uptime,level,tags

Environment Variables:
JAVA_HOME=C:\Program Files\Java\jdk-16.0.2
PATH=C:\Python311\Scripts\;C:\Python311\;C:\Program Files\Common Files\Oracle\Java\javapath;C:\Program Files (x86)\Common Files\Intel\Shared Libraries\redist\intel64\compiler;C:\Windows\system32;C:\Windows;C:\Windows\System32\Wbem;C:\Windows\System32\WindowsPowerShell\v1.0\;C:\Windows\System32\OpenSSH\;C:\Program Files (x86)\HP\Common\HPDestPlgIn\;C:\Program Files\MATLAB\R2016b\runtime\win64;C:\Program Files\MATLAB\R2016b\bin;C:\Program Files\MATLAB\R2016b\polyspace\bin;C:\Program Files\Git\cmd;C:\Program Files\dotnet\;C:\Program Files\nodejs\;C:\ProgramData\chocolatey\bin;E:\apache-maven-3.8.7\bin;C:\Program Files\Java\jdk-16.0.2;C:\Program Files\MySQL\MySQL Server 8.0\bin;C:\Program Files\MySQL\MySQL Shell 8.0\bin\;C:\Users\prana\AppData\Local\Programs\Python\Python39\Scripts\;C:\Users\prana\AppData\Local\Programs\Python\Python39\;C:\Users\prana\AppData\Local\Microsoft\WindowsApps;C:\Program Files (x86)\HP\Common\HPDestPlgIn\;C:\Users\prana\AppData\Local\Programs\Microsoft VS Code\bin;C:\MinGW\bin;C:\development\flutter\bin;%ANDROIDHOME%\tools;%ANDROIDHOME$\platform-tools;C:\Users\prana\AppData\Roaming\npm
USERNAME=prana
OS=Windows_NT
PROCESSOR_IDENTIFIER=Intel64 Family 6 Model 142 Stepping 10, GenuineIntel
TMP=C:\Users\prana\AppData\Local\Temp
TEMP=C:\Users\prana\AppData\Local\Temp



---------------  S Y S T E M  ---------------

OS:
 Windows 10 , 64 bit Build 19041 (10.0.19041.2364)
OS uptime: 1 days 10:03 hours

CPU: total 8 (initial active 8) (4 cores per cpu, 2 threads per core) family 6 model 142 stepping 10 microcode 0xe0, cx8, cmov, fxsr, ht, mmx, 3dnowpref, sse, sse2, sse3, ssse3, sse4.1, sse4.2, popcnt, lzcnt, tsc, tscinvbit, avx, avx2, aes, erms, clmul, bmi1, bmi2, adx, fma, vzeroupper, clflush, clflushopt

Memory: 4k page, system-wide physical 8103M (1706M free)
TotalPageFile size 10151M (AvailPageFile size 10M)
current process WorkingSet (physical memory assigned to process): 60M, peak: 60M
current process commit charge ("private bytes"): 198M, peak: 198M

vm_info: OpenJDK 64-Bit Server VM (17.0.5+8) for windows-amd64 JRE (17.0.5+8), built on Oct 19 2022 04:48:13 by "temurin" with MS VC++ 16.7 (VS2019)

END.
